2025-04-24 21:18:03,798 - INFO - Intraday database initialized successfully
2025-04-24 21:18:03,798 - INFO - Starting intraday screener
2025-04-24 21:18:03,799 - INFO - Processing RELIANCE for intraday setups
2025-04-24 21:18:03,800 - INFO - Processing TCS for intraday setups
2025-04-24 21:18:03,801 - INFO - Processing HDFCBANK for intraday setups
2025-04-24 21:18:03,801 - INFO - Processing INFY for intraday setups
2025-04-24 21:18:03,802 - INFO - Processing HINDUNILVR for intraday setups
2025-04-24 21:18:03,802 - INFO - Processing ICICIBANK for intraday setups
2025-04-24 21:18:03,803 - INFO - Processing SBIN for intraday setups
2025-04-24 21:18:03,804 - INFO - Processing BHARTIARTL for intraday setups
2025-04-24 21:18:03,805 - INFO - Processing KOTAKBANK for intraday setups
2025-04-24 21:18:03,807 - INFO - Processing ITC for intraday setups
2025-04-24 21:18:05,888 - ERROR - Error getting market data: single positional indexer is out-of-bounds
2025-04-24 21:18:05,905 - ERROR - Error getting market data: single positional indexer is out-of-bounds
2025-04-24 21:18:05,906 - INFO - Processing HDFC for intraday setups
2025-04-24 21:18:05,978 - ERROR - Error getting market data: single positional indexer is out-of-bounds
2025-04-24 21:18:06,001 - ERROR - Error creating chart for HDFCBANK: string indices must be integers
2025-04-24 21:18:06,010 - ERROR - Error getting market data: single positional indexer is out-of-bounds
2025-04-24 21:18:06,013 - INFO - Processing LT for intraday setups
2025-04-24 21:18:06,015 - ERROR - Error getting market data: single positional indexer is out-of-bounds
2025-04-24 21:18:06,028 - ERROR - Error getting market data: single positional indexer is out-of-bounds
2025-04-24 21:18:06,049 - ERROR - Error getting market data: single positional indexer is out-of-bounds
2025-04-24 21:18:06,216 - ERROR - Error creating chart for RELIANCE: string indices must be integers
2025-04-24 21:18:06,249 - ERROR - Error creating chart for BHARTIARTL: string indices must be integers
2025-04-24 21:18:06,257 - ERROR - Error processing ITC: 'numpy.float64' object has no attribute 'shift'
2025-04-24 21:18:06,391 - ERROR - Error creating chart for INFY: string indices must be integers
2025-04-24 21:18:06,407 - ERROR - Error creating chart for SBIN: string indices must be integers
2025-04-24 21:18:06,407 - INFO - Processing AXISBANK for intraday setups
2025-04-24 21:18:06,408 - INFO - Processing ASIANPAINT for intraday setups
2025-04-24 21:18:06,409 - INFO - Processing MARUTI for intraday setups
2025-04-24 21:18:06,417 - INFO - Processing BAJFINANCE for intraday setups
2025-04-24 21:18:06,418 - INFO - Processing WIPRO for intraday setups
2025-04-24 21:18:09,537 - ERROR - Error getting market data: single positional indexer is out-of-bounds
2025-04-24 21:18:09,538 - ERROR - Error processing HINDUNILVR: 'numpy.float64' object has no attribute 'shift'
2025-04-24 21:18:09,538 - INFO - Processing HCLTECH for intraday setups
2025-04-24 21:18:09,574 - ERROR - Error getting market data: single positional indexer is out-of-bounds
2025-04-24 21:18:09,678 - ERROR - Error creating chart for TCS: string indices must be integers
2025-04-24 21:18:09,678 - INFO - Processing TITAN for intraday setups
2025-04-24 21:18:09,776 - ERROR - Error getting market data: single positional indexer is out-of-bounds
2025-04-24 21:18:09,869 - ERROR - Error creating chart for KOTAKBANK: string indices must be integers
2025-04-24 21:18:09,869 - INFO - Processing SUNPHARMA for intraday setups
2025-04-24 21:18:09,904 - ERROR - Error getting market data: single positional indexer is out-of-bounds
2025-04-24 21:18:09,906 - ERROR - Error processing LT: 'numpy.float64' object has no attribute 'shift'
2025-04-24 21:18:09,906 - INFO - Processing TATASTEEL for intraday setups
2025-04-24 21:18:11,493 - ERROR - Error getting market data: single positional indexer is out-of-bounds
2025-04-24 21:18:11,494 - INFO - Processing INDIGO for intraday setups
2025-04-24 21:18:11,498 - ERROR - Error getting market data: single positional indexer is out-of-bounds
2025-04-24 21:18:11,507 - ERROR - Error getting market data: single positional indexer is out-of-bounds
2025-04-24 21:18:11,508 - ERROR - Error processing MARUTI: 'numpy.float64' object has no attribute 'shift'
2025-04-24 21:18:11,525 - ERROR - Error getting market data: single positional indexer is out-of-bounds
2025-04-24 21:18:11,532 - INFO - Processing BIOCON for intraday setups
2025-04-24 21:18:11,592 - ERROR - $HDFC.NS: possibly delisted; no price data found  (period=60d) (Yahoo error = "No data found, symbol may be delisted")
2025-04-24 21:18:11,610 - ERROR - Error creating chart for AXISBANK: string indices must be integers
2025-04-24 21:18:11,618 - ERROR - Error getting market data: single positional indexer is out-of-bounds
2025-04-24 21:18:11,637 - INFO - Processing APOLLOHOSP for intraday setups
2025-04-24 21:18:11,678 - INFO - Processing AUROPHARMA for intraday setups
2025-04-24 21:18:11,722 - ERROR - Error creating chart for ASIANPAINT: string indices must be integers
2025-04-24 21:18:11,742 - ERROR - Error processing BAJFINANCE: 'numpy.float64' object has no attribute 'shift'
2025-04-24 21:18:11,845 - INFO - Processing HDFCAMC for intraday setups
2025-04-24 21:18:11,848 - INFO - Processing MPHASIS for intraday setups
2025-04-24 21:18:11,978 - ERROR - Error getting market data: single positional indexer is out-of-bounds
2025-04-24 21:18:12,155 - ERROR - Error creating chart for TITAN: string indices must be integers
2025-04-24 21:18:12,155 - INFO - Processing PIIND for intraday setups
2025-04-24 21:18:12,198 - ERROR - Error getting market data: single positional indexer is out-of-bounds
2025-04-24 21:18:12,199 - ERROR - Error processing HCLTECH: 'numpy.float64' object has no attribute 'shift'
2025-04-24 21:18:12,199 - INFO - Processing HAVELLS for intraday setups
2025-04-24 21:18:12,207 - ERROR - Error getting market data: single positional indexer is out-of-bounds
2025-04-24 21:18:12,208 - INFO - Processing BERGEPAINT for intraday setups
2025-04-24 21:18:12,293 - ERROR - Error getting market data: single positional indexer is out-of-bounds
2025-04-24 21:18:12,294 - INFO - Processing TORNTPHARM for intraday setups
2025-04-24 21:18:12,311 - ERROR - Error getting market data: single positional indexer is out-of-bounds
2025-04-24 21:18:12,392 - ERROR - Error creating chart for SUNPHARMA: string indices must be integers
2025-04-24 21:18:12,400 - ERROR - Error getting market data: single positional indexer is out-of-bounds
2025-04-24 21:18:12,424 - INFO - Processing PEL for intraday setups
2025-04-24 21:18:12,442 - INFO - Processing TATAPOWER for intraday setups
2025-04-24 21:18:12,632 - ERROR - Error getting market data: single positional indexer is out-of-bounds
2025-04-24 21:18:12,635 - INFO - Processing DABUR for intraday setups
2025-04-24 21:18:12,754 - ERROR - Error getting market data: single positional indexer is out-of-bounds
2025-04-24 21:18:12,778 - ERROR - Error getting market data: single positional indexer is out-of-bounds
2025-04-24 21:18:12,795 - ERROR - Error processing MPHASIS: 'numpy.float64' object has no attribute 'shift'
2025-04-24 21:18:12,834 - INFO - Processing MUTHOOTFIN for intraday setups
2025-04-24 21:18:12,917 - ERROR - Error getting market data: single positional indexer is out-of-bounds
2025-04-24 21:18:12,923 - ERROR - Error creating chart for AUROPHARMA: string indices must be integers
2025-04-24 21:18:12,924 - ERROR - Error processing HDFCAMC: 'numpy.float64' object has no attribute 'shift'
2025-04-24 21:18:12,947 - INFO - Processing LUPIN for intraday setups
2025-04-24 21:18:12,967 - INFO - Processing BANDHANBNK for intraday setups
2025-04-24 21:18:13,047 - ERROR - Error getting market data: single positional indexer is out-of-bounds
2025-04-24 21:18:13,056 - INFO - Processing GODREJCP for intraday setups
2025-04-24 21:18:13,078 - ERROR - Error getting market data: single positional indexer is out-of-bounds
2025-04-24 21:18:13,079 - ERROR - Error processing BERGEPAINT: 'numpy.float64' object has no attribute 'shift'
2025-04-24 21:18:13,079 - INFO - Processing AMBUJACEM for intraday setups
2025-04-24 21:18:13,172 - ERROR - Error getting market data: single positional indexer is out-of-bounds
2025-04-24 21:18:13,173 - ERROR - Error processing TORNTPHARM: 'numpy.float64' object has no attribute 'shift'
2025-04-24 21:18:13,181 - INFO - Processing CADILAHC for intraday setups
2025-04-24 21:18:13,226 - ERROR - Error getting market data: single positional indexer is out-of-bounds
2025-04-24 21:18:13,242 - INFO - Processing BOSCHLTD for intraday setups
2025-04-24 21:18:13,253 - ERROR - Error getting market data: single positional indexer is out-of-bounds
2025-04-24 21:18:13,369 - ERROR - Error getting market data: single positional indexer is out-of-bounds
2025-04-24 21:18:13,552 - ERROR - Error creating chart for TATAPOWER: string indices must be integers
2025-04-24 21:18:13,561 - INFO - Processing SIEMENS for intraday setups
2025-04-24 21:18:13,582 - ERROR - Error creating chart for PEL: string indices must be integers
2025-04-24 21:18:13,593 - INFO - Processing IRCTC for intraday setups
2025-04-24 21:18:14,944 - ERROR - Error getting market data: single positional indexer is out-of-bounds
2025-04-24 21:18:14,946 - INFO - Processing CHAMBLFERT for intraday setups
2025-04-24 21:18:15,003 - ERROR - Error getting market data: single positional indexer is out-of-bounds
2025-04-24 21:18:15,004 - INFO - Processing GRANULES for intraday setups
2025-04-24 21:18:15,075 - ERROR - Error getting market data: single positional indexer is out-of-bounds
2025-04-24 21:18:15,081 - INFO - Processing CANBK for intraday setups
2025-04-24 21:18:15,084 - ERROR - Error getting market data: single positional indexer is out-of-bounds
2025-04-24 21:18:15,189 - ERROR - Error creating chart for LUPIN: string indices must be integers
2025-04-24 21:18:15,190 - INFO - Processing NATIONALUM for intraday setups
2025-04-24 21:18:15,583 - ERROR - Error getting market data: single positional indexer is out-of-bounds
2025-04-24 21:18:15,591 - ERROR - Error processing GODREJCP: 'numpy.float64' object has no attribute 'shift'
2025-04-24 21:18:15,604 - INFO - Processing SAIL for intraday setups
2025-04-24 21:18:15,667 - ERROR - Error getting market data: single positional indexer is out-of-bounds
2025-04-24 21:18:15,668 - ERROR - Error processing IRCTC: 'numpy.float64' object has no attribute 'shift'
2025-04-24 21:18:15,668 - INFO - Processing PNB for intraday setups
2025-04-24 21:18:15,685 - ERROR - Error getting market data: single positional indexer is out-of-bounds
2025-04-24 21:18:15,686 - ERROR - Error processing AMBUJACEM: 'numpy.float64' object has no attribute 'shift'
2025-04-24 21:18:15,686 - INFO - Processing RVNL for intraday setups
2025-04-24 21:18:15,694 - ERROR - Error getting market data: single positional indexer is out-of-bounds
2025-04-24 21:18:15,695 - ERROR - Error processing GRANULES: 'numpy.float64' object has no attribute 'shift'
2025-04-24 21:18:15,695 - INFO - Processing CEATLTD for intraday setups
2025-04-24 21:18:15,811 - ERROR - Error getting market data: single positional indexer is out-of-bounds
2025-04-24 21:18:15,893 - ERROR - Error creating chart for BOSCHLTD: string indices must be integers
2025-04-24 21:18:15,893 - INFO - Processing HINDCOPPER for intraday setups
2025-04-24 21:18:17,535 - ERROR - $CADILAHC.NS: possibly delisted; no price data found  (period=60d) (Yahoo error = "No data found, symbol may be delisted")
2025-04-24 21:18:17,544 - INFO - Processing GMRINFRA for intraday setups
2025-04-24 21:18:17,551 - ERROR - Error getting market data: single positional indexer is out-of-bounds
2025-04-24 21:18:17,553 - INFO - Processing BANKBARODA for intraday setups
2025-04-24 21:18:17,574 - ERROR - Error getting market data: single positional indexer is out-of-bounds
2025-04-24 21:18:17,592 - ERROR - Error getting market data: single positional indexer is out-of-bounds
2025-04-24 21:18:17,595 - ERROR - Error processing CHAMBLFERT: 'numpy.float64' object has no attribute 'shift'
2025-04-24 21:18:17,810 - ERROR - Error creating chart for CANBK: string indices must be integers
2025-04-24 21:18:17,826 - INFO - Processing FEDERALBNK for intraday setups
2025-04-24 21:18:17,834 - INFO - Processing ASHOKLEY for intraday setups
2025-04-24 21:18:19,878 - ERROR - Error getting market data: single positional indexer is out-of-bounds
2025-04-24 21:18:19,879 - INFO - Processing ABFRL for intraday setups
2025-04-24 21:18:20,050 - ERROR - Error getting market data: single positional indexer is out-of-bounds
2025-04-24 21:18:20,148 - ERROR - Error creating chart for HINDCOPPER: string indices must be integers
2025-04-24 21:18:20,149 - INFO - Processing TATACHEM for intraday setups
2025-04-24 21:18:20,159 - ERROR - Error getting market data: single positional indexer is out-of-bounds
2025-04-24 21:18:20,266 - ERROR - Error creating chart for SAIL: string indices must be integers
2025-04-24 21:18:20,269 - INFO - Processing ADANIPOWER for intraday setups
2025-04-24 21:18:22,074 - ERROR - Error getting market data: single positional indexer is out-of-bounds
2025-04-24 21:18:22,076 - ERROR - Error processing RVNL: 'numpy.float64' object has no attribute 'shift'
2025-04-24 21:18:22,077 - INFO - Processing MANAPPURAM for intraday setups
2025-04-24 21:18:22,086 - ERROR - Error getting market data: single positional indexer is out-of-bounds
2025-04-24 21:18:22,188 - ERROR - Error creating chart for CEATLTD: string indices must be integers
2025-04-24 21:18:22,188 - INFO - Processing NMDC for intraday setups
2025-04-24 21:18:22,206 - ERROR - $GMRINFRA.NS: possibly delisted; no price data found  (period=60d) (Yahoo error = "No data found, symbol may be delisted")
2025-04-24 21:18:22,207 - INFO - Processing IDFC for intraday setups
2025-04-24 21:18:22,284 - ERROR - Error getting market data: single positional indexer is out-of-bounds
2025-04-24 21:18:22,485 - ERROR - Error getting market data: single positional indexer is out-of-bounds
2025-04-24 21:18:22,550 - ERROR - Error creating chart for ASHOKLEY: string indices must be integers
2025-04-24 21:18:22,550 - INFO - Processing EXIDEIND for intraday setups
2025-04-24 21:18:22,565 - ERROR - Error getting market data: single positional indexer is out-of-bounds
2025-04-24 21:18:22,577 - INFO - Processing JINDALSAW for intraday setups
2025-04-24 21:18:22,688 - ERROR - Error creating chart for ABFRL: string indices must be integers
2025-04-24 21:18:24,186 - ERROR - Error getting market data: single positional indexer is out-of-bounds
2025-04-24 21:18:24,194 - ERROR - Error getting market data: single positional indexer is out-of-bounds
2025-04-24 21:18:24,195 - ERROR - Error processing PNB: 'numpy.float64' object has no attribute 'shift'
2025-04-24 21:18:24,279 - ERROR - Error creating chart for FEDERALBNK: string indices must be integers
2025-04-24 21:18:24,321 - ERROR - $IDFC.NS: possibly delisted; no price data found  (period=60d) (Yahoo error = "No data found, symbol may be delisted")
2025-04-24 21:18:24,412 - ERROR - Error getting market data: single positional indexer is out-of-bounds
2025-04-24 21:18:24,413 - ERROR - Error processing ADANIPOWER: 'numpy.float64' object has no attribute 'shift'
2025-04-24 21:18:24,430 - ERROR - Error getting market data: single positional indexer is out-of-bounds
2025-04-24 21:18:24,509 - ERROR - Error creating chart for TATACHEM: string indices must be integers
2025-04-24 21:18:24,526 - ERROR - Error getting market data: single positional indexer is out-of-bounds
2025-04-24 21:18:24,627 - ERROR - Error getting market data: single positional indexer is out-of-bounds
2025-04-24 21:18:24,737 - ERROR - Error creating chart for NMDC: string indices must be integers
2025-04-24 21:18:24,841 - ERROR - Error getting market data: single positional indexer is out-of-bounds
2025-04-24 21:18:24,842 - ERROR - Error processing JINDALSAW: 'numpy.float64' object has no attribute 'shift'
2025-04-24 21:18:24,850 - ERROR - Error getting market data: single positional indexer is out-of-bounds
2025-04-24 21:18:24,927 - ERROR - Error creating chart for EXIDEIND: string indices must be integers
2025-04-24 21:18:28,293 - INFO - Saved 32 intraday setups to database
2025-04-24 21:18:28,597 - ERROR - Error getting market data: single positional indexer is out-of-bounds
2025-04-24 21:18:28,598 - INFO - Generated report saved to /home/zero/trading/intraday_output/intraday_setups_20250425.html
